Using pre-set license
Built from '2021.1/staging' branch; Version is '2021.1.3f1 (4bef613afd59) revision 4976481'; Using compiler version '192528614'; Build Type 'Release'
OS: 'Windows 10 Pro; OS build 19043.1348; Version 2009; 64bit' Language: 'pt' Physical Memory: 8115 MB
BatchMode: 1, IsHumanControllingUs: 0, StartBugReporterOnCrash: 0, Is64bit: 1, IsPro: 0

 COMMAND LINE ARGUMENTS:
C:\Program Files\Unity\Hub\Editor\2021.1.3f1\Editor\Unity.exe
-adb2
-batchMode
-noUpm
-name
AssetImportWorker7
-projectPath
C:/Users/Infor/Documents/Exo-PI-Game
-logFile
Logs/AssetImportWorker7.log
-srvPort
62430
Successfully changed project path to: C:/Users/Infor/Documents/Exo-PI-Game
C:/Users/Infor/Documents/Exo-PI-Game
Using Asset Import Pipeline V2.
Refreshing native plugins compatible for Editor in 134.46 ms, found 1 plugins.
Preloading 0 native plugins for Editor in 0.00 ms.
Initialize engine version: 2021.1.3f1 (4bef613afd59)
[Subsystems] Discovering subsystems at path C:/Program Files/Unity/Hub/Editor/2021.1.3f1/Editor/Data/Resources/UnitySubsystems
[Subsystems] Discovering subsystems at path C:/Users/Infor/Documents/Exo-PI-Game/Assets
GfxDevice: creating device client; threaded=0; jobified=0
Direct3D:
    Version:  Direct3D 11.0 [level 11.1]
    Renderer: NVIDIA GeForce GTX 960 (ID=0x1401)
    Vendor:   NVIDIA
    VRAM:     2007 MB
    Driver:   30.0.14.7168
Shader 'WFX/Transparent Specular': fallback shader 'Particles/Alpha Blended' not found
Shader 'WFX/Transparent Diffuse': fallback shader 'Particles/Alpha Blended' not found
Initialize mono
Mono path[0] = 'C:/Program Files/Unity/Hub/Editor/2021.1.3f1/Editor/Data/Managed'
Mono path[1] = 'C:/Program Files/Unity/Hub/Editor/2021.1.3f1/Editor/Data/MonoBleedingEdge/lib/mono/unityjit'
Mono config path = 'C:/Program Files/Unity/Hub/Editor/2021.1.3f1/Editor/Data/MonoBleedingEdge/etc'
Using monoOptions --debugger-agent=transport=dt_socket,embedding=1,server=y,suspend=n,address=127.0.0.1:56412
Begin MonoManager ReloadAssembly
Registering precompiled unity dll's ...
Register platform support module: C:/Program Files/Unity/Hub/Editor/2021.1.3f1/Editor/Data/PlaybackEngines/WindowsStandaloneSupport/UnityEditor.WindowsStandalone.Extensions.dll
Registered in 0.001958 seconds.
Native extension for WindowsStandalone target not found
Refreshing native plugins compatible for Editor in 133.96 ms, found 1 plugins.
Preloading 0 native plugins for Editor in 0.00 ms.
Mono: successfully reloaded assembly
- Completed reload, in  1.706 seconds
Platform modules already initialized, skipping
Registering precompiled user dll's ...
Registered in 0.004139 seconds.
Begin MonoManager ReloadAssembly
Native extension for WindowsStandalone target not found
Refreshing native plugins compatible for Editor in 1.00 ms, found 1 plugins.
Preloading 0 native plugins for Editor in 0.00 ms.
Mono: successfully reloaded assembly
- Completed reload, in  8.711 seconds
Platform modules already initialized, skipping
========================================================================
Worker process is ready to serve import requests
Shader 'WFX/Transparent Diffuse': fallback shader 'Particles/Alpha Blended' not found
Shader 'WFX/Transparent Specular': fallback shader 'Particles/Alpha Blended' not found
Launched and connected shader compiler UnityShaderCompiler.exe after 1.04 seconds
Refreshing native plugins compatible for Editor in 0.90 ms, found 1 plugins.
Preloading 0 native plugins for Editor in 0.00 ms.
Unloading 3156 Unused Serialized files (Serialized files now loaded: 0)
System memory in use before: 132.7 MB.
System memory in use after: 132.9 MB.

Unloading 15 unused Assets to reduce memory usage. Loaded Objects now: 3633.
Total: 437.453400 ms (FindLiveObjects: 0.744900 ms CreateObjectMapping: 0.282600 ms MarkObjects: 334.506400 ms  DeleteObjects: 101.917800 ms)

========================================================================
Received Import Request.
  path: Assets/Sci_fi_Drones/Textures/Robot_Scout_MetallicSmoothness.png
  artifactKey: Guid(9fa12fa65d222414381ea80ec0b5877f) Importer(815301076,1909f56bfc062723c751e8b465ee728b)
Start importing Assets/Sci_fi_Drones/Textures/Robot_Scout_MetallicSmoothness.png using Guid(9fa12fa65d222414381ea80ec0b5877f) Importer(815301076,1909f56bfc062723c751e8b465ee728b)  -> (artifact id: '49513989f85abe8483e30b838b22d784') in 8.793361 seconds 
========================================================================
Received Import Request.
  Time since last request: 0.001899 seconds.
  path: Assets/Sci_fi_Drones/Textures/Robot_Scout_HyperX_Low_Body_Back_MetallicSmoothness_Red.png
  artifactKey: Guid(e3f5afbfc4f64b74e95522fc78f95826) Importer(815301076,1909f56bfc062723c751e8b465ee728b)
Start importing Assets/Sci_fi_Drones/Textures/Robot_Scout_HyperX_Low_Body_Back_MetallicSmoothness_Red.png using Guid(e3f5afbfc4f64b74e95522fc78f95826) Importer(815301076,1909f56bfc062723c751e8b465ee728b)  -> (artifact id: '96ed3f50c5db79dea9942ad70a094d26') in 0.553885 seconds 
========================================================================
Received Import Request.
  Time since last request: 0.000373 seconds.
  path: Assets/Sci_fi_Drones/Textures/Robot_Collector_MetallicSmoothness.png
  artifactKey: Guid(19bff7efce1eeb0428c0764fbe7360a4) Importer(815301076,1909f56bfc062723c751e8b465ee728b)
Start importing Assets/Sci_fi_Drones/Textures/Robot_Collector_MetallicSmoothness.png using Guid(19bff7efce1eeb0428c0764fbe7360a4) Importer(815301076,1909f56bfc062723c751e8b465ee728b)  -> (artifact id: 'd322a3f64b61d653446ae28cb4c1eb40') in 0.369184 seconds 
========================================================================
Received Import Request.
  Time since last request: 0.000386 seconds.
  path: Assets/Sci_fi_Drones/Textures/Robot_Scout_Rockie_Unity_Robot_Scout_Rockie_MetallicSmoothness.png
  artifactKey: Guid(ffd31dba767e03f47973c60a22002600) Importer(815301076,1909f56bfc062723c751e8b465ee728b)
Start importing Assets/Sci_fi_Drones/Textures/Robot_Scout_Rockie_Unity_Robot_Scout_Rockie_MetallicSmoothness.png using Guid(ffd31dba767e03f47973c60a22002600) Importer(815301076,1909f56bfc062723c751e8b465ee728b)  -> (artifact id: '2be1c20c25d2bd8d3514216c395d2e22') in 0.640540 seconds 
========================================================================
Received Import Request.
  Time since last request: 0.000383 seconds.
  path: Assets/Sci_fi_Drones/Textures/Robot_Invader_MetallicSmoothness.png
  artifactKey: Guid(7b0d4bc7d559b6d40a7c5b6ce25be2c8) Importer(815301076,1909f56bfc062723c751e8b465ee728b)
Start importing Assets/Sci_fi_Drones/Textures/Robot_Invader_MetallicSmoothness.png using Guid(7b0d4bc7d559b6d40a7c5b6ce25be2c8) Importer(815301076,1909f56bfc062723c751e8b465ee728b)  -> (artifact id: '202e34cd2b279b1f68f8a1d390e6a7b4') in 0.434534 seconds 
========================================================================
Received Import Request.
  Time since last request: 0.000371 seconds.
  path: Assets/Sci_fi_Drones/Textures/Robot_Scout_HyperX_Low_Body_Front_MetallicSmoothness.png
  artifactKey: Guid(bb64121f8d51781429ed733aaff4e7fe) Importer(815301076,1909f56bfc062723c751e8b465ee728b)
Start importing Assets/Sci_fi_Drones/Textures/Robot_Scout_HyperX_Low_Body_Front_MetallicSmoothness.png using Guid(bb64121f8d51781429ed733aaff4e7fe) Importer(815301076,1909f56bfc062723c751e8b465ee728b)  -> (artifact id: '3cce05c2c69faafa568afb7fad4a7af3') in 0.676964 seconds 
========================================================================
Received Import Request.
  Time since last request: 0.000352 seconds.
  path: Assets/Sci_fi_Drones/Textures/Robot_Guardian_MetallicSmoothness.png
  artifactKey: Guid(893ae81d5727289419584a4ece0498fc) Importer(815301076,1909f56bfc062723c751e8b465ee728b)
Start importing Assets/Sci_fi_Drones/Textures/Robot_Guardian_MetallicSmoothness.png using Guid(893ae81d5727289419584a4ece0498fc) Importer(815301076,1909f56bfc062723c751e8b465ee728b)  -> (artifact id: '8beb94b7ee3cfc681390c63706f382ce') in 0.329026 seconds 
========================================================================
Received Import Request.
  Time since last request: 0.000413 seconds.
  path: Assets/Sci_fi_Drones/Textures/Robot_Scout_HyperX_Low_Body_Back_MetallicSmoothness.png
  artifactKey: Guid(1194b0f1fd33edd4bb92b3b8c6be0bb0) Importer(815301076,1909f56bfc062723c751e8b465ee728b)
Start importing Assets/Sci_fi_Drones/Textures/Robot_Scout_HyperX_Low_Body_Back_MetallicSmoothness.png using Guid(1194b0f1fd33edd4bb92b3b8c6be0bb0) Importer(815301076,1909f56bfc062723c751e8b465ee728b)  -> (artifact id: '5fb99186a0cc3daa11d4ac3f14b8f2e1') in 0.551828 seconds 
========================================================================
Received Import Request.
  Time since last request: 0.000347 seconds.
  path: Assets/Sci_fi_Drones/Textures/Robot_Scout_HyperX_Low_Body_Front_MetallicSmoothness_Red.png
  artifactKey: Guid(b2f22f7e19b0f714f956916587de3a95) Importer(815301076,1909f56bfc062723c751e8b465ee728b)
Start importing Assets/Sci_fi_Drones/Textures/Robot_Scout_HyperX_Low_Body_Front_MetallicSmoothness_Red.png using Guid(b2f22f7e19b0f714f956916587de3a95) Importer(815301076,1909f56bfc062723c751e8b465ee728b)  -> (artifact id: '4fbb28d204e69771e03b069cbad0eaf6') in 0.476847 seconds 
========================================================================
Received Import Request.
  Time since last request: 0.000306 seconds.
  path: Assets/Invector-3rdPersonController/Basic Locomotion/3D Models/Characters/Invector@V-Bot/Textures/rusted-metal.png
  artifactKey: Guid(ec252b34ba485ba43bc0874d3afbb01f) Importer(815301076,1909f56bfc062723c751e8b465ee728b)
Start importing Assets/Invector-3rdPersonController/Basic Locomotion/3D Models/Characters/Invector@V-Bot/Textures/rusted-metal.png using Guid(ec252b34ba485ba43bc0874d3afbb01f) Importer(815301076,1909f56bfc062723c751e8b465ee728b)  -> (artifact id: '80452ce1871f23116f5491c98f4aadd5') in 2.029659 seconds 
========================================================================
Received Import Request.
  Time since last request: 1096.465416 seconds.
  path: Assets/SciFiWarriorPBRHPPolyart/Mesh
  artifactKey: Guid(45de849c202011f4a9db9703f906f874) Importer(815301076,1909f56bfc062723c751e8b465ee728b)
Start importing Assets/SciFiWarriorPBRHPPolyart/Mesh using Guid(45de849c202011f4a9db9703f906f874) Importer(815301076,1909f56bfc062723c751e8b465ee728b)  -> (artifact id: '1454bfa8b45fb7e4ae04c26bb9aac312') in 0.007788 seconds 
========================================================================
Received Import Request.
  Time since last request: 4.680072 seconds.
  path: Assets/SciFiWarriorPBRHPPolyart/Prefabs/Enemy_Solder.prefab
  artifactKey: Guid(f432554f564e69242897607d34218939) Importer(815301076,1909f56bfc062723c751e8b465ee728b)
Start importing Assets/SciFiWarriorPBRHPPolyart/Prefabs/Enemy_Solder.prefab using Guid(f432554f564e69242897607d34218939) Importer(815301076,1909f56bfc062723c751e8b465ee728b)  -> (artifact id: 'b1523a40710e73ecad018377492d73d4') in 1.126315 seconds 
========================================================================
Received Import Request.
  Time since last request: 1.050645 seconds.
  path: Assets/SciFiWarriorPBRHPPolyart/Scene
  artifactKey: Guid(1ff5021c339199449a068e57e6c272c2) Importer(815301076,1909f56bfc062723c751e8b465ee728b)
Start importing Assets/SciFiWarriorPBRHPPolyart/Scene using Guid(1ff5021c339199449a068e57e6c272c2) Importer(815301076,1909f56bfc062723c751e8b465ee728b)  -> (artifact id: '0469e68ffa1af3ebaa35316aef31889f') in 0.008597 seconds 
========================================================================
Received Import Request.
  Time since last request: 2.474598 seconds.
  path: Assets/SciFiWarriorPBRHPPolyart/Textures
  artifactKey: Guid(1aa9125f97440f643a69f4230767f5e7) Importer(815301076,1909f56bfc062723c751e8b465ee728b)
Start importing Assets/SciFiWarriorPBRHPPolyart/Textures using Guid(1aa9125f97440f643a69f4230767f5e7) Importer(815301076,1909f56bfc062723c751e8b465ee728b)  -> (artifact id: '7e95dd16ec42949ccde3e670807026cc') in 0.023252 seconds 
========================================================================
Received Import Request.
  Time since last request: 0.000362 seconds.
  path: Assets/SciFiWarriorPBRHPPolyart/Textures/PBR_Free_EM.png
  artifactKey: Guid(cf17bce15458a584ba4c432acf10f1ec) Importer(815301076,1909f56bfc062723c751e8b465ee728b)
Start importing Assets/SciFiWarriorPBRHPPolyart/Textures/PBR_Free_EM.png using Guid(cf17bce15458a584ba4c432acf10f1ec) Importer(815301076,1909f56bfc062723c751e8b465ee728b)  -> (artifact id: 'daa1aaccdf61c39c1cb9005614945756') in 0.035790 seconds 
========================================================================
Received Import Request.
  Time since last request: 0.000301 seconds.
  path: Assets/SciFiWarriorPBRHPPolyart/Textures/Polyart.png
  artifactKey: Guid(6f23319fc780cdc43a22d23a4136c778) Importer(815301076,1909f56bfc062723c751e8b465ee728b)
Start importing Assets/SciFiWarriorPBRHPPolyart/Textures/Polyart.png using Guid(6f23319fc780cdc43a22d23a4136c778) Importer(815301076,1909f56bfc062723c751e8b465ee728b)  -> (artifact id: '7b602f1876b34719a247c141a4272e8c') in 0.089351 seconds 
========================================================================
Received Import Request.
  Time since last request: 0.000396 seconds.
  path: Assets/SciFiWarriorPBRHPPolyart/Textures/PBR_Free_NM.png
  artifactKey: Guid(a5798ba7ff8d7984c9b50981d6dd8e6b) Importer(815301076,1909f56bfc062723c751e8b465ee728b)
Start importing Assets/SciFiWarriorPBRHPPolyart/Textures/PBR_Free_NM.png using Guid(a5798ba7ff8d7984c9b50981d6dd8e6b) Importer(815301076,1909f56bfc062723c751e8b465ee728b)  -> (artifact id: '94cd4967f8c568118852552fba4727bb') in 0.040941 seconds 
========================================================================
Received Import Request.
  Time since last request: 0.000359 seconds.
  path: Assets/SciFiWarriorPBRHPPolyart/Textures/HP_Albedo.png
  artifactKey: Guid(20fc9881d38a91b438bec3ae3db922f0) Importer(815301076,1909f56bfc062723c751e8b465ee728b)
Start importing Assets/SciFiWarriorPBRHPPolyart/Textures/HP_Albedo.png using Guid(20fc9881d38a91b438bec3ae3db922f0) Importer(815301076,1909f56bfc062723c751e8b465ee728b)  -> (artifact id: '5b249ffb0fe96b0209e2ef478a1a85b4') in 0.136738 seconds 
========================================================================
Received Import Request.
  Time since last request: 0.000383 seconds.
  path: Assets/SciFiWarriorPBRHPPolyart/Textures/PBR_Free_MS.png
  artifactKey: Guid(7e4a41389ffe24f458e5a1b4b6c554eb) Importer(815301076,1909f56bfc062723c751e8b465ee728b)
Start importing Assets/SciFiWarriorPBRHPPolyart/Textures/PBR_Free_MS.png using Guid(7e4a41389ffe24f458e5a1b4b6c554eb) Importer(815301076,1909f56bfc062723c751e8b465ee728b)  -> (artifact id: 'eaab1317ea5d8a2f617275e2bbec5533') in 0.026917 seconds 
========================================================================
Received Import Request.
  Time since last request: 0.000379 seconds.
  path: Assets/SciFiWarriorPBRHPPolyart/Textures/PBR_Albedo.png
  artifactKey: Guid(0ca93b28d8c504946904487d0c1d581e) Importer(815301076,1909f56bfc062723c751e8b465ee728b)
Start importing Assets/SciFiWarriorPBRHPPolyart/Textures/PBR_Albedo.png using Guid(0ca93b28d8c504946904487d0c1d581e) Importer(815301076,1909f56bfc062723c751e8b465ee728b)  -> (artifact id: 'afe57e650e70158dbe98ac42ea0087e7') in 0.026122 seconds 
========================================================================
Received Import Request.
  Time since last request: 0.000347 seconds.
  path: Assets/SciFiWarriorPBRHPPolyart/Textures/PBR_Free_AO.png
  artifactKey: Guid(e2d3ffb9e0c5b7a4d95d18b01f2c27e1) Importer(815301076,1909f56bfc062723c751e8b465ee728b)
Start importing Assets/SciFiWarriorPBRHPPolyart/Textures/PBR_Free_AO.png using Guid(e2d3ffb9e0c5b7a4d95d18b01f2c27e1) Importer(815301076,1909f56bfc062723c751e8b465ee728b)  -> (artifact id: 'a64edc642f13a577a716983060220375') in 0.025704 seconds 
========================================================================
Received Prepare
Registering precompiled user dll's ...
Registered in 0.004022 seconds.
Begin MonoManager ReloadAssembly
Native extension for WindowsStandalone target not found
Refreshing native plugins compatible for Editor in 0.88 ms, found 1 plugins.
Preloading 0 native plugins for Editor in 0.00 ms.
Mono: successfully reloaded assembly
- Completed reload, in  2.759 seconds
Platform modules already initialized, skipping
Shader 'WFX/Transparent Diffuse': fallback shader 'Particles/Alpha Blended' not found
Shader 'WFX/Transparent Specular': fallback shader 'Particles/Alpha Blended' not found
Refreshing native plugins compatible for Editor in 0.86 ms, found 1 plugins.
Preloading 0 native plugins for Editor in 0.00 ms.
Unloading 3147 Unused Serialized files (Serialized files now loaded: 0)
System memory in use before: 317.6 MB.
System memory in use after: 317.8 MB.

Unloading 10 unused Assets to reduce memory usage. Loaded Objects now: 3902.
Total: 90.055700 ms (FindLiveObjects: 0.385800 ms CreateObjectMapping: 0.168100 ms MarkObjects: 89.398800 ms  DeleteObjects: 0.100600 ms)

========================================================================
Received Prepare
Registering precompiled user dll's ...
Registered in 0.008487 seconds.
Begin MonoManager ReloadAssembly
Native extension for WindowsStandalone target not found
Refreshing native plugins compatible for Editor in 1.68 ms, found 1 plugins.
Preloading 0 native plugins for Editor in 0.00 ms.
Mono: successfully reloaded assembly
- Completed reload, in  4.180 seconds
Platform modules already initialized, skipping
Shader 'WFX/Transparent Diffuse': fallback shader 'Particles/Alpha Blended' not found
Shader 'WFX/Transparent Specular': fallback shader 'Particles/Alpha Blended' not found
Refreshing native plugins compatible for Editor in 0.97 ms, found 1 plugins.
Preloading 0 native plugins for Editor in 0.00 ms.
Unloading 3130 Unused Serialized files (Serialized files now loaded: 0)
System memory in use before: 317.1 MB.
System memory in use after: 317.3 MB.

Unloading 10 unused Assets to reduce memory usage. Loaded Objects now: 3905.
Total: 3.107800 ms (FindLiveObjects: 0.346700 ms CreateObjectMapping: 0.190200 ms MarkObjects: 2.547900 ms  DeleteObjects: 0.021700 ms)

========================================================================
Received Prepare
Registering precompiled user dll's ...
Registered in 0.006313 seconds.
Begin MonoManager ReloadAssembly
Native extension for WindowsStandalone target not found
Refreshing native plugins compatible for Editor in 1.04 ms, found 1 plugins.
Preloading 0 native plugins for Editor in 0.00 ms.
Mono: successfully reloaded assembly
- Completed reload, in  1.964 seconds
Platform modules already initialized, skipping
Shader 'WFX/Transparent Diffuse': fallback shader 'Particles/Alpha Blended' not found
Shader 'WFX/Transparent Specular': fallback shader 'Particles/Alpha Blended' not found
Refreshing native plugins compatible for Editor in 0.88 ms, found 1 plugins.
Preloading 0 native plugins for Editor in 0.00 ms.
Unloading 3130 Unused Serialized files (Serialized files now loaded: 0)
System memory in use before: 317.1 MB.
System memory in use after: 317.4 MB.

Unloading 10 unused Assets to reduce memory usage. Loaded Objects now: 3908.
Total: 3.323400 ms (FindLiveObjects: 0.338400 ms CreateObjectMapping: 0.212300 ms MarkObjects: 2.733800 ms  DeleteObjects: 0.037400 ms)

========================================================================
Received Prepare
Registering precompiled user dll's ...
Registered in 0.005561 seconds.
Begin MonoManager ReloadAssembly
Native extension for WindowsStandalone target not found
Refreshing native plugins compatible for Editor in 1.16 ms, found 1 plugins.
Preloading 0 native plugins for Editor in 0.00 ms.
Mono: successfully reloaded assembly
- Completed reload, in  3.188 seconds
Platform modules already initialized, skipping
Shader 'WFX/Transparent Diffuse': fallback shader 'Particles/Alpha Blended' not found
Shader 'WFX/Transparent Specular': fallback shader 'Particles/Alpha Blended' not found
Refreshing native plugins compatible for Editor in 1.10 ms, found 1 plugins.
Preloading 0 native plugins for Editor in 0.00 ms.
Unloading 3130 Unused Serialized files (Serialized files now loaded: 0)
System memory in use before: 317.2 MB.
System memory in use after: 317.4 MB.

Unloading 10 unused Assets to reduce memory usage. Loaded Objects now: 3911.
Total: 4.270100 ms (FindLiveObjects: 0.812400 ms CreateObjectMapping: 0.350600 ms MarkObjects: 2.954900 ms  DeleteObjects: 0.149700 ms)

